Copyright 1986-2017 Xilinx, Inc. All Rights Reserved.
------------------------------------------------------------------------------------
| Tool Version : Vivado v.2017.4 (win64) Build 2086221 Fri Dec 15 20:55:39 MST 2017
| Date         : Sun Jun  1 23:31:29 2025
| Host         : DESKTOP-NV7NN3N running 64-bit major release  (build 9200)
| Command      : report_control_sets -verbose -file CPU_top_control_sets_placed.rpt
| Design       : CPU_top
| Device       : xc7a35t
------------------------------------------------------------------------------------

Control Set Information

Table of Contents
-----------------
1. Summary
2. Flip-Flop Distribution
3. Detailed Control Set Information

1. Summary
----------

+----------------------------------------------------------+-------+
|                          Status                          | Count |
+----------------------------------------------------------+-------+
| Number of unique control sets                            |    69 |
| Unused register locations in slices containing registers |   124 |
+----------------------------------------------------------+-------+


2. Flip-Flop Distribution
-------------------------

+--------------+-----------------------+------------------------+-----------------+--------------+
| Clock Enable | Synchronous Set/Reset | Asynchronous Set/Reset | Total Registers | Total Slices |
+--------------+-----------------------+------------------------+-----------------+--------------+
| No           | No                    | No                     |              25 |           10 |
| No           | No                    | Yes                    |              86 |           29 |
| No           | Yes                   | No                     |              42 |           17 |
| Yes          | No                    | No                     |              31 |           13 |
| Yes          | No                    | Yes                    |            1298 |          636 |
| Yes          | Yes                   | No                     |              26 |            7 |
+--------------+-----------------------+------------------------+-----------------+--------------+


3. Detailed Control Set Information
-----------------------------------

+----------------------------------------------+-------------------------------------------------------------------------------------------------------------------------+----------------------------------------------------------------------------------------------------------------------------------+------------------+----------------+
|                 Clock Signal                 |                                                      Enable Signal                                                      |                                                         Set/Reset Signal                                                         | Slice Load Count | Bel Load Count |
+----------------------------------------------+-------------------------------------------------------------------------------------------------------------------------+----------------------------------------------------------------------------------------------------------------------------------+------------------+----------------+
| ~fpga_clk_IBUF_BUFG                          |                                                                                                                         |                                                                                                                                  |                1 |              1 |
|  uart_inst/inst/upg_inst/rdStat_BUFG         | uart_inst/inst/upg_inst/upg_wen_o2_out                                                                                  | upg_rst                                                                                                                          |                1 |              1 |
|  uart_inst/inst/upg_inst/upg_clk_i_IBUF_BUFG | uart_inst/inst/upg_inst/upg_done_o_i_1_n_0                                                                              | upg_rst                                                                                                                          |                1 |              1 |
|  uart_inst/inst/upg_inst/rdStat_BUFG         |                                                                                                                         | upg_rst                                                                                                                          |                1 |              2 |
|  ClkDiv2/registers_reg[2][14]_BUFG           |                                                                                                                         |                                                                                                                                  |                1 |              2 |
|  ClkDiv2/clka_BUFG                           |                                                                                                                         |                                                                                                                                  |                1 |              2 |
|  debounce/ck_div/clk__0                      |                                                                                                                         | decoder/registers_reg[2][0]                                                                                                      |                1 |              2 |
|  uart_inst/inst/upg_inst/upg_clk_i_IBUF_BUFG | uart_inst/inst/upg_inst/s_axi_wdata                                                                                     |                                                                                                                                  |                1 |              3 |
|  uart_inst/inst/upg_inst/upg_clk_i_IBUF_BUFG | uart_inst/inst/upg_inst/s_axi_wdata                                                                                     | uart_inst/inst/upg_inst/s_axi_wdata[6]_i_1_n_0                                                                                   |                1 |              4 |
|  uart_inst/inst/upg_inst/upg_clk_i_IBUF_BUFG | uart_inst/inst/upg_inst/axi_uart_inst/U0/AXI_LITE_IPIF_I/I_SLAVE_ATTACHMENT/start2                                      | uart_inst/inst/upg_inst/axi_uart_inst/U0/AXI_LITE_IPIF_I/I_SLAVE_ATTACHMENT/I_DECODER/cs_ce_clr                                  |                1 |              4 |
|  uart_inst/inst/upg_inst/upg_clk_i_IBUF_BUFG | uart_inst/inst/upg_inst/axi_uart_inst/U0/UARTLITE_CORE_I/BAUD_RATE_I/en_16x_Baud                                        |                                                                                                                                  |                2 |              4 |
|  sevenSegmentDisplay/divclk                  | sevenSegmentDisplay/rst                                                                                                 |                                                                                                                                  |                3 |              5 |
|  uart_inst/inst/upg_inst/upg_clk_i_IBUF_BUFG |                                                                                                                         | uart_inst/inst/upg_inst/axi_uart_inst/U0/UARTLITE_CORE_I/UARTLITE_RX_I/SRL_FIFO_I/I_SRL_FIFO_RBU_F/CNTR_INCR_DECR_ADDN_F_I/SS[0] |                2 |              6 |
|  uart_inst/inst/upg_inst/upg_clk_i_IBUF_BUFG |                                                                                                                         | uart_inst/inst/upg_inst/axi_uart_inst/U0/UARTLITE_CORE_I/UARTLITE_TX_I/SRL_FIFO_I/I_SRL_FIFO_RBU_F/CNTR_INCR_DECR_ADDN_F_I/SS[0] |                3 |              6 |
|  fpga_clk_IBUF_BUFG                          |                                                                                                                         | ClkDiv/counter_reg[2]_0                                                                                                          |                2 |              6 |
|  uart_inst/inst/upg_inst/upg_clk_i_IBUF_BUFG | uart_inst/inst/upg_inst/axi_uart_inst/U0/AXI_LITE_IPIF_I/I_SLAVE_ATTACHMENT/I_DECODER/fifo_wr                           |                                                                                                                                  |                1 |              7 |
|  uart_inst/inst/upg_inst/rdStat_BUFG         | uart_inst/inst/upg_inst/s_axi_aresetn0                                                                                  | upg_rst                                                                                                                          |                4 |              8 |
|  uart_inst/inst/upg_inst/upg_clk_i_IBUF_BUFG |                                                                                                                         | uart_inst/inst/upg_inst/axi_uart_inst/U0/AXI_LITE_IPIF_I/I_SLAVE_ATTACHMENT/rst                                                  |                3 |              8 |
|  uart_inst/inst/upg_inst/upg_clk_i_IBUF_BUFG | uart_inst/inst/upg_inst/axi_uart_inst/U0/UARTLITE_CORE_I/UARTLITE_RX_I/SRL_FIFO_I/I_SRL_FIFO_RBU_F/DYNSHREG_F_I/fifo_wr |                                                                                                                                  |                1 |              8 |
|  uart_inst/inst/upg_inst/upg_clk_i_IBUF_BUFG | uart_inst/inst/upg_inst/msg_indx[7]_i_1_n_0                                                                             | upg_rst                                                                                                                          |                5 |              8 |
|  uart_inst/inst/upg_inst/upg_clk_i_IBUF_BUFG | uart_inst/inst/upg_inst/uart_rdat                                                                                       |                                                                                                                                  |                1 |              8 |
|  uart_inst/inst/upg_inst/upg_clk_i_IBUF_BUFG | uart_inst/inst/upg_inst/axi_uart_inst/U0/AXI_LITE_IPIF_I/I_SLAVE_ATTACHMENT/s_axi_rdata_i                               | uart_inst/inst/upg_inst/axi_uart_inst/U0/AXI_LITE_IPIF_I/I_SLAVE_ATTACHMENT/rst                                                  |                3 |              8 |
|  uart_inst/inst/upg_inst/rdStat_BUFG         | uart_inst/inst/upg_inst/byte_len[7]_i_1_n_0                                                                             | upg_rst                                                                                                                          |                2 |              9 |
|  uart_inst/inst/upg_inst/upg_clk_i_IBUF_BUFG | uart_inst/inst/upg_inst/axi_uart_inst/U0/UARTLITE_CORE_I/BAUD_RATE_I/en_16x_Baud                                        | upg_rst                                                                                                                          |                2 |             10 |
|  sevenSegmentDisplay/divclk                  |                                                                                                                         | decoder/registers_reg[2][0]                                                                                                      |                3 |             11 |
|  clk_BUFG                                    | programrom/registers_reg[2][3]_0                                                                                        |                                                                                                                                  |                7 |             13 |
|  clk_BUFG                                    |                                                                                                                         | decoder/registers_reg[2][0]                                                                                                      |                7 |             15 |
|  uart_inst/inst/upg_inst/upg_clk_i_IBUF_BUFG | uart_inst/inst/upg_inst/rwait_cnt[15]_i_1_n_0                                                                           | upg_rst                                                                                                                          |                4 |             16 |
|  uart_inst/inst/upg_inst/upg_clk_i_IBUF_BUFG | uart_inst/inst/upg_inst/wwait_cnt[15]_i_1_n_0                                                                           | upg_rst                                                                                                                          |                4 |             16 |
|  clk_BUFG                                    | programrom/registers_reg[2][3]_0                                                                                        | decoder/registers_reg[2][0]                                                                                                      |               12 |             19 |
|  uart_inst/inst/upg_inst/upg_clk_i_IBUF_BUFG |                                                                                                                         |                                                                                                                                  |                7 |             20 |
|  clk_BUFG                                    | programrom/registers_reg[16][0][0]                                                                                      | decoder/registers_reg[2][0]                                                                                                      |               18 |             32 |
|  clk_BUFG                                    | programrom/registers_reg[5][0][0]                                                                                       | decoder/registers_reg[2][0]                                                                                                      |               21 |             32 |
|  clk_BUFG                                    | programrom/registers_reg[7][0][0]                                                                                       | decoder/registers_reg[2][0]                                                                                                      |               22 |             32 |
|  clk_BUFG                                    | programrom/registers_reg[6][0][0]                                                                                       | decoder/registers_reg[2][0]                                                                                                      |               17 |             32 |
|  clk_BUFG                                    | programrom/registers_reg[4][0][0]                                                                                       | decoder/registers_reg[2][0]                                                                                                      |               15 |             32 |
|  clk_BUFG                                    | programrom/registers_reg[10][0][0]                                                                                      | decoder/registers_reg[2][0]                                                                                                      |               14 |             32 |
|  clk_BUFG                                    | programrom/registers_reg[11][0][0]                                                                                      | decoder/registers_reg[2][0]                                                                                                      |               14 |             32 |
|  clk_BUFG                                    | programrom/registers_reg[12][0][0]                                                                                      | decoder/registers_reg[2][0]                                                                                                      |               14 |             32 |
|  clk_BUFG                                    | programrom/registers_reg[13][0][0]                                                                                      | decoder/registers_reg[2][0]                                                                                                      |               12 |             32 |
|  clk_BUFG                                    | programrom/registers_reg[15][0][0]                                                                                      | decoder/registers_reg[2][0]                                                                                                      |               17 |             32 |
|  clk_BUFG                                    | programrom/registers_reg[28][0][0]                                                                                      | decoder/registers_reg[2][0]                                                                                                      |               20 |             32 |
|  clk_BUFG                                    | programrom/registers_reg[1][0][0]                                                                                       | decoder/registers_reg[2][0]                                                                                                      |               13 |             32 |
|  clk_BUFG                                    | programrom/registers_reg[23][0][0]                                                                                      | decoder/registers_reg[2][0]                                                                                                      |               17 |             32 |
|  clk_BUFG                                    | programrom/registers_reg[19][0][0]                                                                                      | decoder/registers_reg[2][0]                                                                                                      |               16 |             32 |
|  clk_BUFG                                    | programrom/registers_reg[20][0][0]                                                                                      | decoder/registers_reg[2][0]                                                                                                      |               18 |             32 |
|  clk_BUFG                                    | programrom/registers_reg[26][0][0]                                                                                      | decoder/registers_reg[2][0]                                                                                                      |               19 |             32 |
|  clk_BUFG                                    | programrom/registers_reg[25][0][0]                                                                                      | decoder/registers_reg[2][0]                                                                                                      |               21 |             32 |
|  clk_BUFG                                    | programrom/registers_reg[18][0][0]                                                                                      | decoder/registers_reg[2][0]                                                                                                      |               15 |             32 |
|  clk_BUFG                                    | programrom/registers_reg[8][0][0]                                                                                       | decoder/registers_reg[2][0]                                                                                                      |               22 |             32 |
|  clk_BUFG                                    | programrom/registers_reg[24][0][0]                                                                                      | decoder/registers_reg[2][0]                                                                                                      |               16 |             32 |
|  clk_BUFG                                    | programrom/registers_reg[14][0][0]                                                                                      | decoder/registers_reg[2][0]                                                                                                      |               16 |             32 |
|  clk_BUFG                                    | cpu_state/IFen                                                                                                          | decoder/registers_reg[2][0]                                                                                                      |                9 |             32 |
|  clk_BUFG                                    | programrom/registers_reg[22][0][0]                                                                                      | decoder/registers_reg[2][0]                                                                                                      |               15 |             32 |
|  clk_BUFG                                    | programrom/registers_reg[21][0][0]                                                                                      | decoder/registers_reg[2][0]                                                                                                      |               11 |             32 |
|  clk_BUFG                                    | programrom/registers_reg[17][0][0]                                                                                      | decoder/registers_reg[2][0]                                                                                                      |               18 |             32 |
|  clk_BUFG                                    | programrom/registers_reg[27][0][0]                                                                                      | decoder/registers_reg[2][0]                                                                                                      |               19 |             32 |
|  clk_BUFG                                    | programrom/registers_reg[3][0][0]                                                                                       | decoder/registers_reg[2][0]                                                                                                      |               15 |             32 |
|  clk_BUFG                                    | programrom/registers_reg[30][0][0]                                                                                      | decoder/registers_reg[2][0]                                                                                                      |               22 |             32 |
|  clk_BUFG                                    | programrom/registers_reg[31][0]_1[0]                                                                                    | decoder/registers_reg[2][0]                                                                                                      |               27 |             32 |
|  clk_BUFG                                    | programrom/registers_reg[29][0][0]                                                                                      | decoder/registers_reg[2][0]                                                                                                      |               18 |             32 |
|  clk_BUFG                                    | programrom/registers_reg[9][0][0]                                                                                       | decoder/registers_reg[2][0]                                                                                                      |               23 |             32 |
|  uart_inst/inst/upg_inst/upg_clk_i_IBUF_BUFG |                                                                                                                         | upg_rst                                                                                                                          |               15 |             33 |
|  uart_inst/inst/upg_inst/rdStat_BUFG         | uart_inst/inst/upg_inst/byte_num                                                                                        | upg_rst                                                                                                                          |                6 |             36 |
|  fpga_clk_IBUF_BUFG                          |                                                                                                                         | decoder/registers_reg[2][0]                                                                                                      |                9 |             39 |
|  clk_BUFG                                    | programrom/E[0]                                                                                                         | decoder/registers_reg[2][0]                                                                                                      |               14 |             40 |
|  uart_inst/inst/upg_inst/rdStat_BUFG         | uart_inst/inst/upg_inst/upg_adr_o[14]_i_1_n_0                                                                           | upg_rst                                                                                                                          |               18 |             47 |
|  uart_inst/inst/upg_inst/rdStat_BUFG         | uart_inst/inst/upg_inst/wr_byte_num_done                                                                                | upg_rst                                                                                                                          |               14 |             49 |
|  uart_inst/inst/upg_inst/rdStat_BUFG         | uart_inst/inst/upg_inst/byte_cnt                                                                                        | upg_rst                                                                                                                          |               17 |             56 |
+----------------------------------------------+-------------------------------------------------------------------------------------------------------------------------+----------------------------------------------------------------------------------------------------------------------------------+------------------+----------------+


+--------+-----------------------+
| Fanout | Number of ControlSets |
+--------+-----------------------+
| 1      |                     3 |
| 2      |                     4 |
| 3      |                     1 |
| 4      |                     3 |
| 5      |                     1 |
| 6      |                     3 |
| 7      |                     1 |
| 8      |                     6 |
| 9      |                     1 |
| 10     |                     1 |
| 11     |                     1 |
| 13     |                     1 |
| 15     |                     1 |
| 16+    |                    42 |
+--------+-----------------------+


