INFO: [VRFC 10-2263] Analyzing Verilog file "D:/CS202 Computer organization/CPU/CPU/CPU.srcs/sources_1/ip/RAM/sim/RAM.v" into library xil_defaultlib
INFO: [VRFC 10-311] analyzing module RAM
INFO: [VRFC 10-2263] Analyzing Verilog file "D:/CS202 Computer organization/CPU/CPU/CPU.srcs/sources_1/ip/prgrom/sim/prgrom.v" into library xil_defaultlib
INFO: [VRFC 10-311] analyzing module prgrom
INFO: [VRFC 10-2263] Analyzing Verilog file "D:/CS202 Computer organization/CPU/CPU/CPU.srcs/sources_1/imports/Downloads/ALU.v" into library xil_defaultlib
INFO: [VRFC 10-311] analyzing module ALU
INFO: [VRFC 10-2263] Analyzing Verilog file "D:/CS202 Computer organization/CPU/CPU/CPU.srcs/sources_1/new/CPU_state.v" into library xil_defaultlib
INFO: [VRFC 10-311] analyzing module CPU_state
INFO: [VRFC 10-2263] Analyzing Verilog file "D:/CS202 Computer organization/CPU/CPU/CPU.srcs/sources_1/new/CPU_top.v" into library xil_defaultlib
INFO: [VRFC 10-311] analyzing module CPU_top
INFO: [VRFC 10-2263] Analyzing Verilog file "D:/CS202 Computer organization/CPU/CPU/CPU.srcs/sources_1/new/DataMem.v" into library xil_defaultlib
INFO: [VRFC 10-311] analyzing module DataMem
INFO: [VRFC 10-2263] Analyzing Verilog file "D:/CS202 Computer organization/CPU/CPU/CPU.srcs/sources_1/imports/Downloads/IFetch.v" into library xil_defaultlib
INFO: [VRFC 10-311] analyzing module IFetch
INFO: [VRFC 10-2263] Analyzing Verilog file "D:/CS202 Computer organization/CPU/CPU/CPU.srcs/sources_1/imports/new/control.v" into library xil_defaultlib
INFO: [VRFC 10-311] analyzing module control
INFO: [VRFC 10-2263] Analyzing Verilog file "D:/CS202 Computer organization/CPU/CPU/CPU.srcs/sources_1/imports/new/decoder.v" into library xil_defaultlib
INFO: [VRFC 10-311] analyzing module decoder
INFO: [VRFC 10-2263] Analyzing Verilog file "D:/CS202 Computer organization/CPU/CPU/CPU.srcs/sources_1/imports/new/immGen.v" into library xil_defaultlib
INFO: [VRFC 10-311] analyzing module immGen
INFO: [VRFC 10-2263] Analyzing Verilog file "D:/CS202 Computer organization/CPU/CPU/CPU.srcs/sources_1/new/regWriteMUX.v" into library xil_defaultlib
INFO: [VRFC 10-311] analyzing module regWriteMUX
INFO: [VRFC 10-2263] Analyzing Verilog file "D:/CS202 Computer organization/CPU/CPU/CPU.srcs/sources_1/imports/new/registers.v" into library xil_defaultlib
INFO: [VRFC 10-311] analyzing module registers
INFO: [VRFC 10-2263] Analyzing Verilog file "D:/CS202 Computer organization/CPU/CPU/CPU.srcs/sim_1/new/tb_CPU_top.v" into library xil_defaultlib
INFO: [VRFC 10-311] analyzing module tb_CPU_top
